<?xml version="1.0" encoding="UTF-8"?>
<!-- Generated by org.testng.reporters.JUnitXMLReporter -->
<testsuite ignored="1" hostname="DESKTOP-5EKAVVA" failures="0" tests="2" name="Test" time="37.203" errors="0" timestamp="2025-11-29T17:16:47 IST">
  <testcase classname="testCases.TC001_AccountRegistrationTest" name="Verify_account_regisration" time="4.367"/>
  <testcase classname="testCases.TC002_LoginTest" name="Verify_Login" time="6.33"/>
  <testcase classname="testCases.TC003_LoginTestUsingTDD" name="Verify_LoginTDD" time="0.0">
    <ignored/>
  </testcase> <!-- Verify_LoginTDD -->
</testsuite> <!-- Test -->
