<?xml version="1.0" encoding="UTF-8"?>
<!-- Generated by org.testng.reporters.JUnitXMLReporter -->
<testsuite ignored="0" hostname="DESKTOP-5EKAVVA" failures="0" tests="4" name="Test" time="42.914" errors="0" timestamp="2025-11-30T16:38:43 IST">
  <testcase classname="testCases.TC003_LoginTestUsingTDD" name="Verify_LoginTDD" time="3.06"/>
  <testcase classname="testCases.TC003_LoginTestUsingTDD" name="Verify_LoginTDD" time="10.758"/>
  <testcase classname="testCases.TC003_LoginTestUsingTDD" name="Verify_LoginTDD" time="1.471"/>
  <testcase classname="testCases.TC003_LoginTestUsingTDD" name="Verify_LoginTDD" time="10.895"/>
</testsuite> <!-- Test -->
