<?xml version="1.0" encoding="UTF-8"?>
<testsuite xmlns:xsi="http://www.w3.org/2001/XMLSchema-instance" xsi:noNamespaceSchemaLocation="https://maven.apache.org/surefire/maven-surefire-plugin/xsd/surefire-test-report.xsd" version="3.0.2" name="TestSuite" time="44.364" tests="4" errors="0" skipped="0" failures="0">
  <properties>
[...]
</properties>
  <testcase name="Verify_LoginTDD[yam@gmail.com, Killer, Valid](1)" classname="testCases.TC003_LoginTestUsingTDD" time="3.157">
    <system-err><![CDATA[SLF4J(W): No SLF4J providers were found.
SLF4J(W): Defaulting to no-operation (NOP) logger implementation
SLF4J(W): See https://www.slf4j.org/codes.html#noProviders for further details.
2025-11-30T11:08:01.954056400Z main INFO Starting configuration XmlConfiguration[location=C:\Users\Vinod\eclipse-workspace_latest\Automation Framework\OpenCartV1.0\target\test-classes\log4j2.xml, lastModified=2025-11-27T18:55:32.824Z]...
2025-11-30T11:08:01.956052100Z main INFO Configuration XmlConfiguration[location=C:\Users\Vinod\eclipse-workspace_latest\Automation Framework\OpenCartV1.0\target\test-classes\log4j2.xml, lastModified=2025-11-27T18:55:32.824Z] started.
2025-11-30T11:08:01.976653Z main INFO Stopping configuration org.apache.logging.log4j.core.config.DefaultConfiguration@4dc8caa7...
2025-11-30T11:08:01.980643300Z main INFO Configuration org.apache.logging.log4j.core.config.DefaultConfiguration@4dc8caa7 stopped.
]]></system-err>
  </testcase>
  <testcase name="Verify_LoginTDD[abc@gmail.com, yam, Invalid](2)" classname="testCases.TC003_LoginTestUsingTDD" time="10.754"/>
  <testcase name="Verify_LoginTDD[yamini@gmail.com, Killer, Valid](3)" classname="testCases.TC003_LoginTestUsingTDD" time="1.475"/>
  <testcase name="Verify_LoginTDD[admin@gmail.com, abc, Invalid](4)" classname="testCases.TC003_LoginTestUsingTDD" time="10.896"/>
</testsuite>