<?xml version="1.0" encoding="UTF-8"?>
<testng-results ignored="0" total="1" passed="1" failed="0" skipped="0">
  <reporter-output>
  </reporter-output>
  <suite started-at="2025-12-01T00:35:42 IST" name="Suite" finished-at="2025-12-01T00:36:23 IST" duration-ms="40142">
    <groups>
    </groups>
    <test started-at="2025-12-01T00:35:42 IST" name="Test" finished-at="2025-12-01T00:36:23 IST" duration-ms="40142">
      <class name="testCases.TC006_CheckoutTest_EndToEnd">
        <test-method is-config="true" signature="setup(java.lang.String,java.lang.String)[pri:0, instance:testCases.TC006_CheckoutTest_EndToEnd@7f0eb4b4]" started-at="2025-12-01T00:35:43 IST" name="setup" finished-at="2025-12-01T00:35:48 IST" duration-ms="5509" status="PASS">
          <params>
            <param index="0">
              <value>
                <![CDATA[Windows]]>
              </value>
            </param>
            <param index="1">
              <value>
                <![CDATA[chrome]]>
              </value>
            </param>
          </params>
          <reporter-output>
          </reporter-output>
        </test-method> <!-- setup -->
        <test-method signature="endToEndTest()[pri:0, instance:testCases.TC006_CheckoutTest_EndToEnd@7f0eb4b4]" started-at="2025-12-01T00:35:48 IST" name="endToEndTest" finished-at="2025-12-01T00:36:22 IST" duration-ms="34088" status="PASS">
          <reporter-output>
          </reporter-output>
        </test-method> <!-- endToEndTest -->
        <test-method is-config="true" signature="tearDown()[pri:0, instance:testCases.TC006_CheckoutTest_EndToEnd@7f0eb4b4]" started-at="2025-12-01T00:36:22 IST" name="tearDown" finished-at="2025-12-01T00:36:23 IST" duration-ms="237" status="PASS">
          <reporter-output>
          </reporter-output>
        </test-method> <!-- tearDown -->
      </class> <!-- testCases.TC006_CheckoutTest_EndToEnd -->
    </test> <!-- Test -->
  </suite> <!-- Suite -->
</testng-results>
