<?xml version="1.0" encoding="UTF-8"?>
<testng-results ignored="1" total="3" passed="2" failed="0" skipped="0">
  <reporter-output>
  </reporter-output>
  <suite started-at="2025-11-29T17:16:10 IST" name="Suite" finished-at="2025-11-29T17:16:47 IST" duration-ms="37203">
    <groups>
      <group name="regression">
        <method signature="TC001_AccountRegistrationTest.Verify_account_regisration()[pri:0, instance:testCases.TC001_AccountRegistrationTest@40005471]" name="Verify_account_regisration" class="testCases.TC001_AccountRegistrationTest"/>
      </group> <!-- regression -->
      <group name="sanity">
        <method signature="TC002_LoginTest.Verify_Login()[pri:0, instance:testCases.TC002_LoginTest@55fe41ea]" name="Verify_Login" class="testCases.TC002_LoginTest"/>
      </group> <!-- sanity -->
      <group name="master">
        <method signature="TC001_AccountRegistrationTest.Verify_account_regisration()[pri:0, instance:testCases.TC001_AccountRegistrationTest@40005471]" name="Verify_account_regisration" class="testCases.TC001_AccountRegistrationTest"/>
        <method signature="TC002_LoginTest.Verify_Login()[pri:0, instance:testCases.TC002_LoginTest@55fe41ea]" name="Verify_Login" class="testCases.TC002_LoginTest"/>
      </group> <!-- master -->
    </groups>
    <test started-at="2025-11-29T17:16:10 IST" name="Test" finished-at="2025-11-29T17:16:47 IST" duration-ms="37203">
      <class name="testCases.TC002_LoginTest">
        <test-method is-config="true" signature="setup(java.lang.String,java.lang.String)[pri:0, instance:testCases.TC002_LoginTest@55fe41ea]" started-at="2025-11-29T17:16:29 IST" name="setup" finished-at="2025-11-29T17:16:38 IST" duration-ms="9315" status="PASS">
          <params>
            <param index="0">
              <value>
                <![CDATA[Windows]]>
              </value>
            </param>
            <param index="1">
              <value>
                <![CDATA[firefox]]>
              </value>
            </param>
          </params>
          <reporter-output>
          </reporter-output>
        </test-method> <!-- setup -->
        <test-method signature="Verify_Login()[pri:0, instance:testCases.TC002_LoginTest@55fe41ea]" started-at="2025-11-29T17:16:38 IST" name="Verify_Login" finished-at="2025-11-29T17:16:45 IST" duration-ms="6330" status="PASS">
          <reporter-output>
          </reporter-output>
        </test-method> <!-- Verify_Login -->
        <test-method is-config="true" signature="tearDown()[pri:0, instance:testCases.TC002_LoginTest@55fe41ea]" started-at="2025-11-29T17:16:45 IST" name="tearDown" finished-at="2025-11-29T17:16:47 IST" duration-ms="2030" status="PASS">
          <reporter-output>
          </reporter-output>
        </test-method> <!-- tearDown -->
      </class> <!-- testCases.TC002_LoginTest -->
      <class name="testCases.TC001_AccountRegistrationTest">
        <test-method is-config="true" signature="setup(java.lang.String,java.lang.String)[pri:0, instance:testCases.TC001_AccountRegistrationTest@40005471]" started-at="2025-11-29T17:16:10 IST" name="setup" finished-at="2025-11-29T17:16:22 IST" duration-ms="12154" status="PASS">
          <params>
            <param index="0">
              <value>
                <![CDATA[Windows]]>
              </value>
            </param>
            <param index="1">
              <value>
                <![CDATA[firefox]]>
              </value>
            </param>
          </params>
          <reporter-output>
          </reporter-output>
        </test-method> <!-- setup -->
        <test-method signature="Verify_account_regisration()[pri:0, instance:testCases.TC001_AccountRegistrationTest@40005471]" started-at="2025-11-29T17:16:22 IST" name="Verify_account_regisration" finished-at="2025-11-29T17:16:27 IST" duration-ms="4367" status="PASS">
          <reporter-output>
          </reporter-output>
        </test-method> <!-- Verify_account_regisration -->
        <test-method is-config="true" signature="tearDown()[pri:0, instance:testCases.TC001_AccountRegistrationTest@40005471]" started-at="2025-11-29T17:16:27 IST" name="tearDown" finished-at="2025-11-29T17:16:29 IST" duration-ms="2514" status="PASS">
          <reporter-output>
          </reporter-output>
        </test-method> <!-- tearDown -->
      </class> <!-- testCases.TC001_AccountRegistrationTest -->
    </test> <!-- Test -->
  </suite> <!-- Suite -->
</testng-results>
