<?xml version="1.0" encoding="UTF-8"?>
<!-- Generated by org.testng.reporters.JUnitReportReporter -->
<testsuite hostname="DESKTOP-5EKAVVA" failures="0" tests="4" name="testCases.TC003_LoginTestUsingTDD" time="26.962" errors="0" timestamp="2025-11-29T20:45:00 IST" skipped="0">
  <testcase classname="testCases.TC003_LoginTestUsingTDD" name="Verify_LoginTDD" time="10.885"/>
  <testcase classname="testCases.TC003_LoginTestUsingTDD" name="Verify_LoginTDD" time="11.754"/>
  <testcase classname="testCases.TC003_LoginTestUsingTDD" name="Verify_LoginTDD" time="2.907"/>
  <testcase classname="testCases.TC003_LoginTestUsingTDD" name="Verify_LoginTDD" time="1.416"/>
</testsuite> <!-- testCases.TC003_LoginTestUsingTDD -->
